0 info it worked if it ends with ok
1 verbose cli [ '/Users/sachinjadhav/.nvm/versions/node/v6.9.1/bin/node',
1 verbose cli   '/Users/sachinjadhav/.nvm/versions/node/v6.9.1/bin/npm',
1 verbose cli   'run',
1 verbose cli   'circleci',
1 verbose cli   'config',
1 verbose cli   'validate' ]
2 info using npm@3.10.8
3 info using node@v6.9.1
4 verbose stack Error: missing script: circleci
4 verbose stack     at run (/Users/sachinjadhav/.nvm/versions/node/v6.9.1/lib/node_modules/npm/lib/run-script.js:151:19)
4 verbose stack     at /Users/sachinjadhav/.nvm/versions/node/v6.9.1/lib/node_modules/npm/lib/run-script.js:61:5
4 verbose stack     at /Users/sachinjadhav/.nvm/versions/node/v6.9.1/lib/node_modules/npm/node_modules/read-package-json/read-json.js:356:5
4 verbose stack     at checkBinReferences_ (/Users/sachinjadhav/.nvm/versions/node/v6.9.1/lib/node_modules/npm/node_modules/read-package-json/read-json.js:320:45)
4 verbose stack     at final (/Users/sachinjadhav/.nvm/versions/node/v6.9.1/lib/node_modules/npm/node_modules/read-package-json/read-json.js:354:3)
4 verbose stack     at then (/Users/sachinjadhav/.nvm/versions/node/v6.9.1/lib/node_modules/npm/node_modules/read-package-json/read-json.js:124:5)
4 verbose stack     at /Users/sachinjadhav/.nvm/versions/node/v6.9.1/lib/node_modules/npm/node_modules/read-package-json/read-json.js:311:12
4 verbose stack     at /Users/sachinjadhav/.nvm/versions/node/v6.9.1/lib/node_modules/npm/node_modules/graceful-fs/graceful-fs.js:78:16
4 verbose stack     at tryToString (fs.js:455:3)
4 verbose stack     at FSReqWrap.readFileAfterClose [as oncomplete] (fs.js:442:12)
5 verbose cwd /Users/sachinjadhav/my-projects/automation/eurobase/cy-eurobase-bdd-01
6 error Darwin 18.7.0
7 error argv "/Users/sachinjadhav/.nvm/versions/node/v6.9.1/bin/node" "/Users/sachinjadhav/.nvm/versions/node/v6.9.1/bin/npm" "run" "circleci" "config" "validate"
8 error node v6.9.1
9 error npm  v3.10.8
10 error missing script: circleci
11 error If you need help, you may report this error at:
11 error     <https://github.com/npm/npm/issues>
12 verbose exit [ 1, true ]
